C51 COMPILER V9.54   DELAY                                                                 10/04/2024 10:01:52 PAGE 1   


C51 COMPILER V9.54, COMPILATION OF MODULE DELAY
OBJECT MODULE PLACED IN .\Objects\delay.obj
COMPILER INVOKED BY: C:\Keil_v5\C51\BIN\C51.EXE ..\LIBRARY\delay\delay.c OPTIMIZE(8,SPEED) BROWSE DEBUG OBJECTEXTEND PRI
                    -NT(.\Listings\delay.lst) TABS(2) OBJECT(.\Objects\delay.obj)

line level    source

   1          void delay(unsigned int (x))  //@11.0592MHz
   2          {
   3   1        unsigned char data i, j;
   4   1        while(x)
   5   1        {
   6   2        i = 2;
   7   2        j = 199;
   8   2        do
   9   2        {
  10   3          while (--j);
  11   3        } while (--i);
  12   2        x--;
  13   2        } 
  14   1      }


MODULE INFORMATION:   STATIC OVERLAYABLE
   CODE SIZE        =     20    ----
   CONSTANT SIZE    =   ----    ----
   XDATA SIZE       =   ----    ----
   PDATA SIZE       =   ----    ----
   DATA SIZE        =   ----    ----
   IDATA SIZE       =   ----    ----
   BIT SIZE         =   ----    ----
END OF MODULE INFORMATION.


C51 COMPILATION COMPLETE.  0 WARNING(S),  0 ERROR(S)
